0 info it worked if it ends with ok
1 verbose cli [ 'C:\\Program Files\\nodejs\\node.exe',
1 verbose cli   'C:\\Users\\Jimmy\\AppData\\Roaming\\npm\\node_modules\\npm\\bin\\npm-cli.js',
1 verbose cli   'publish' ]
2 info using npm@3.3.3
3 info using node@v4.1.0
4 verbose publish [ '.' ]
5 silly cache add args [ '.', null ]
6 verbose cache add spec .
7 silly cache add parsed spec Result {
7 silly cache add   raw: '.',
7 silly cache add   scope: null,
7 silly cache add   name: null,
7 silly cache add   rawSpec: '.',
7 silly cache add   spec: 'A:\\xampp\\htdocs\\linkit\\jquery.jimlinkit',
7 silly cache add   type: 'directory' }
8 verbose addLocalDirectory C:\Users\Jimmy\AppData\Roaming\npm-cache\jquery.jimlinkit\0.1.0\package.tgz not in flight; packing
9 info lifecycle jquery.jimlinkit@0.1.0~prepublish: jquery.jimlinkit@0.1.0
10 silly lifecycle jquery.jimlinkit@0.1.0~prepublish: no script for prepublish, continuing
11 verbose tar pack [ 'C:\\Users\\Jimmy\\AppData\\Roaming\\npm-cache\\jquery.jimlinkit\\0.1.0\\package.tgz',
11 verbose tar pack   'A:\\xampp\\htdocs\\linkit\\jquery.jimlinkit' ]
12 verbose tarball C:\Users\Jimmy\AppData\Roaming\npm-cache\jquery.jimlinkit\0.1.0\package.tgz
13 verbose folder A:\xampp\htdocs\linkit\jquery.jimlinkit
14 verbose addLocalTarball adding from inside cache C:\Users\Jimmy\AppData\Roaming\npm-cache\jquery.jimlinkit\0.1.0\package.tgz
15 silly cache afterAdd jquery.jimlinkit@0.1.0
16 verbose afterAdd C:\Users\Jimmy\AppData\Roaming\npm-cache\jquery.jimlinkit\0.1.0\package\package.json not in flight; writing
17 verbose afterAdd C:\Users\Jimmy\AppData\Roaming\npm-cache\jquery.jimlinkit\0.1.0\package\package.json written
18 silly publish { name: 'jquery.jimlinkit',
18 silly publish   version: '0.1.0',
18 silly publish   description: 'Simple plugin to convert any element into a link.',
18 silly publish   main: 'jquery.jimlinkIt.js',
18 silly publish   scripts: { test: 'echo "Error: no test specified" && exit 1' },
18 silly publish   repository:
18 silly publish    { type: 'git',
18 silly publish      url: 'git+https://github.com/jimklonowski/jquery.jimlinkit.git' },
18 silly publish   keywords: [ 'link', 'content', 'html', 'jquery-plugin', 'ecosystem:jquery' ],
18 silly publish   author: { name: 'Jim Klonowski' },
18 silly publish   license: 'MIT',
18 silly publish   bugs: { url: 'https://github.com/jimklonowski/jquery.jimlinkit/issues' },
18 silly publish   homepage: 'https://github.com/jimklonowski/jquery.jimlinkit#readme',
18 silly publish   readme: '#jimLinkIt jQuery Plugin#\r\n\r\n**jimLinkIt** is a simple jQuery plugin to attach links to elements.\r\n\r\n##Version##\r\n0.1.0\r\n\r\n##Usage##\r\n\r\n##Vendors##\r\njQuery - [http://jquery.com](http://jquery.com)\r\n\r\nFollowing the stackskills.com course at [http://stackskills.com/courses/projects-in-javascript-jquery](http://stackskills.com/courses/projects-in-javascript-jquery)\r\n\r\n##License##\r\nMIT',
18 silly publish   readmeFilename: 'README.md',
18 silly publish   gitHead: '61eca4a25b0a81ec49cfe5915439b009f240ed0c',
18 silly publish   _id: 'jquery.jimlinkit@0.1.0',
18 silly publish   _shasum: '4012f5584a936f7b75caa4eb4d23d34d0bacbb30',
18 silly publish   _from: '.' }
19 verbose getPublishConfig undefined
20 silly mapToRegistry name jquery.jimlinkit
21 silly mapToRegistry using default registry
22 silly mapToRegistry registry https://registry.npmjs.org/
23 silly mapToRegistry uri https://registry.npmjs.org/jquery.jimlinkit
24 verbose publish registryBase https://registry.npmjs.org/
25 silly publish uploading C:\Users\Jimmy\AppData\Roaming\npm-cache\jquery.jimlinkit\0.1.0\package.tgz
26 verbose request uri https://registry.npmjs.org/jquery.jimlinkit
27 verbose request sending authorization for write operation
28 info attempt registry request try #1 at 5:18:20 PM
29 verbose request using bearer token for auth
30 verbose request id e649a20afe028ac6
31 http request PUT https://registry.npmjs.org/jquery.jimlinkit
32 http 403 https://registry.npmjs.org/jquery.jimlinkit
33 verbose headers { 'content-type': 'application/json',
33 verbose headers   'cache-control': 'max-age=60',
33 verbose headers   'content-length': '95',
33 verbose headers   'accept-ranges': 'bytes',
33 verbose headers   date: 'Tue, 22 Sep 2015 22:18:15 GMT',
33 verbose headers   via: '1.1 varnish',
33 verbose headers   connection: 'keep-alive',
33 verbose headers   'x-served-by': 'cache-ord1733-ORD',
33 verbose headers   'x-cache': 'MISS',
33 verbose headers   'x-cache-hits': '0',
33 verbose headers   'x-timer': 'S1442960294.876968,VS0,VE717' }
34 verbose request invalidating C:\Users\Jimmy\AppData\Roaming\npm-cache\registry.npmjs.org\jquery.jimlinkit on PUT
35 error publish Failed PUT 403
36 verbose stack Error: "You cannot publish over the previously published version 0.1.0." : jquery.jimlinkit
36 verbose stack     at makeError (C:\Users\Jimmy\AppData\Roaming\npm\node_modules\npm\node_modules\npm-registry-client\lib\request.js:263:12)
36 verbose stack     at CachingRegistryClient.<anonymous> (C:\Users\Jimmy\AppData\Roaming\npm\node_modules\npm\node_modules\npm-registry-client\lib\request.js:251:14)
36 verbose stack     at Request._callback (C:\Users\Jimmy\AppData\Roaming\npm\node_modules\npm\node_modules\npm-registry-client\lib\request.js:171:14)
36 verbose stack     at Request.self.callback (C:\Users\Jimmy\AppData\Roaming\npm\node_modules\npm\node_modules\request\request.js:198:22)
36 verbose stack     at emitTwo (events.js:87:13)
36 verbose stack     at Request.emit (events.js:172:7)
36 verbose stack     at Request.<anonymous> (C:\Users\Jimmy\AppData\Roaming\npm\node_modules\npm\node_modules\request\request.js:1073:14)
36 verbose stack     at emitOne (events.js:82:20)
36 verbose stack     at Request.emit (events.js:169:7)
36 verbose stack     at IncomingMessage.<anonymous> (C:\Users\Jimmy\AppData\Roaming\npm\node_modules\npm\node_modules\request\request.js:1019:12)
37 verbose statusCode 403
38 verbose pkgid jquery.jimlinkit
39 verbose cwd A:\xampp\htdocs\linkit\jquery.jimlinkit
40 error Windows_NT 6.1.7601
41 error argv "C:\\Program Files\\nodejs\\node.exe" "C:\\Users\\Jimmy\\AppData\\Roaming\\npm\\node_modules\\npm\\bin\\npm-cli.js" "publish"
42 error node v4.1.0
43 error npm  v3.3.3
44 error code E403
45 error "You cannot publish over the previously published version 0.1.0." : jquery.jimlinkit
46 error If you need help, you may report this error at:
46 error     <https://github.com/npm/npm/issues>
47 verbose exit [ 1, true ]
